15-Jun-2026 10:05:44.758 INFO [main] org.apache.catalina.startup.VersionLoggerListener.log 서버 버전 이름:    Apache Tomcat/10.1.55
15-Jun-2026 10:05:44.761 INFO [main] org.apache.catalina.startup.VersionLoggerListener.log Server 빌드 시각:  May 5 2026 13:33:02 UTC
15-Jun-2026 10:05:44.761 INFO [main] org.apache.catalina.startup.VersionLoggerListener.log Server 버전 번호:  10.1.55.0
15-Jun-2026 10:05:44.761 INFO [main] org.apache.catalina.startup.VersionLoggerListener.log 운영체제 이름:     Mac OS X
15-Jun-2026 10:05:44.761 INFO [main] org.apache.catalina.startup.VersionLoggerListener.log 운영체제 버전:     14.6.1
15-Jun-2026 10:05:44.761 INFO [main] org.apache.catalina.startup.VersionLoggerListener.log 아키텍처:          aarch64
15-Jun-2026 10:05:44.762 INFO [main] org.apache.catalina.startup.VersionLoggerListener.log 자바 홈:           /Library/Java/JavaVirtualMachines/jdk-21.jdk/Contents/Home
15-Jun-2026 10:05:44.762 INFO [main] org.apache.catalina.startup.VersionLoggerListener.log JVM 버전:          21.0.11+9-LTS-211
15-Jun-2026 10:05:44.762 INFO [main] org.apache.catalina.startup.VersionLoggerListener.log JVM 벤더:          Oracle Corporation
15-Jun-2026 10:05:44.762 INFO [main] org.apache.catalina.startup.VersionLoggerListener.log CATALINA_BASE:     /Users/gimseohyeon/Desktop/thein_repo_jsp/apache-tomcat-10.1.55
15-Jun-2026 10:05:44.762 INFO [main] org.apache.catalina.startup.VersionLoggerListener.log CATALINA_HOME:     /Users/gimseohyeon/Desktop/thein_repo_jsp/apache-tomcat-10.1.55
15-Jun-2026 10:05:44.804 INFO [main] org.apache.catalina.startup.VersionLoggerListener.log 명령 행 아규먼트:  -Djava.util.logging.config.file=/Users/gimseohyeon/Desktop/thein_repo_jsp/apache-tomcat-10.1.55/conf/logging.properties
15-Jun-2026 10:05:44.804 INFO [main] org.apache.catalina.startup.VersionLoggerListener.log 명령 행 아규먼트:  -Djava.util.logging.manager=org.apache.juli.ClassLoaderLogManager
15-Jun-2026 10:05:44.804 INFO [main] org.apache.catalina.startup.VersionLoggerListener.log 명령 행 아규먼트:  -Djdk.tls.ephemeralDHKeySize=2048
15-Jun-2026 10:05:44.804 INFO [main] org.apache.catalina.startup.VersionLoggerListener.log 명령 행 아규먼트:  -Djava.protocol.handler.pkgs=org.apache.catalina.webresources
15-Jun-2026 10:05:44.804 INFO [main] org.apache.catalina.startup.VersionLoggerListener.log 명령 행 아규먼트:  -Dsun.io.useCanonCaches=false
15-Jun-2026 10:05:44.804 INFO [main] org.apache.catalina.startup.VersionLoggerListener.log 명령 행 아규먼트:  -Dorg.apache.catalina.security.SecurityListener.UMASK=0027
15-Jun-2026 10:05:44.804 INFO [main] org.apache.catalina.startup.VersionLoggerListener.log 명령 행 아규먼트:  --add-opens=java.base/java.lang=ALL-UNNAMED
15-Jun-2026 10:05:44.804 INFO [main] org.apache.catalina.startup.VersionLoggerListener.log 명령 행 아규먼트:  --add-opens=java.base/java.lang.reflect=ALL-UNNAMED
15-Jun-2026 10:05:44.804 INFO [main] org.apache.catalina.startup.VersionLoggerListener.log 명령 행 아규먼트:  --add-opens=java.base/java.io=ALL-UNNAMED
15-Jun-2026 10:05:44.804 INFO [main] org.apache.catalina.startup.VersionLoggerListener.log 명령 행 아규먼트:  --add-opens=java.base/java.util=ALL-UNNAMED
15-Jun-2026 10:05:44.804 INFO [main] org.apache.catalina.startup.VersionLoggerListener.log 명령 행 아규먼트:  --add-opens=java.base/java.util.concurrent=ALL-UNNAMED
15-Jun-2026 10:05:44.804 INFO [main] org.apache.catalina.startup.VersionLoggerListener.log 명령 행 아규먼트:  --add-opens=java.rmi/sun.rmi.transport=ALL-UNNAMED
15-Jun-2026 10:05:44.804 INFO [main] org.apache.catalina.startup.VersionLoggerListener.log 명령 행 아규먼트:  -Dcatalina.base=/Users/gimseohyeon/Desktop/thein_repo_jsp/apache-tomcat-10.1.55
15-Jun-2026 10:05:44.804 INFO [main] org.apache.catalina.startup.VersionLoggerListener.log 명령 행 아규먼트:  -Dcatalina.home=/Users/gimseohyeon/Desktop/thein_repo_jsp/apache-tomcat-10.1.55
15-Jun-2026 10:05:44.804 INFO [main] org.apache.catalina.startup.VersionLoggerListener.log 명령 행 아규먼트:  -Djava.io.tmpdir=/Users/gimseohyeon/Desktop/thein_repo_jsp/apache-tomcat-10.1.55/temp
15-Jun-2026 10:05:44.809 INFO [main] org.apache.catalina.core.AprLifecycleListener.lifecycleEvent 프로덕션 환경들에서 최적의 성능을 제공하는, APR 기반 Apache Tomcat Native 라이브러리가, 다음 java.library.path에서 발견되지 않습니다: [/Users/gimseohyeon/Library/Java/Extensions:/Library/Java/Extensions:/Network/Library/Java/Extensions:/System/Library/Java/Extensions:/usr/lib/java:.]
15-Jun-2026 10:05:44.941 INFO [main] org.apache.coyote.AbstractProtocol.init 프로토콜 핸들러 ["http-nio-8080"]을(를) 초기화합니다.
15-Jun-2026 10:05:44.974 INFO [main] org.apache.catalina.startup.Catalina.load [308] 밀리초 내에 서버가 초기화되었습니다.
15-Jun-2026 10:05:44.991 INFO [main] org.apache.catalina.core.StandardService.startInternal 서비스 [Catalina]을(를) 시작합니다.
15-Jun-2026 10:05:44.991 INFO [main] org.apache.catalina.core.StandardEngine.startInternal 서버 엔진을 시작합니다: [Apache Tomcat/10.1.55]
15-Jun-2026 10:05:44.994 INFO [main] org.apache.catalina.startup.HostConfig.deployDirectory 웹 애플리케이션 디렉토리 [/Users/gimseohyeon/Desktop/thein_repo_jsp/apache-tomcat-10.1.55/webapps/docs]을(를) 배치합니다.
15-Jun-2026 10:05:45.122 INFO [main] org.apache.catalina.startup.HostConfig.deployDirectory 웹 애플리케이션 디렉토리 [/Users/gimseohyeon/Desktop/thein_repo_jsp/apache-tomcat-10.1.55/webapps/docs]에 대한 배치가 [126] 밀리초에 완료되었습니다.
15-Jun-2026 10:05:45.122 INFO [main] org.apache.catalina.startup.HostConfig.deployDirectory 웹 애플리케이션 디렉토리 [/Users/gimseohyeon/Desktop/thein_repo_jsp/apache-tomcat-10.1.55/webapps/manager]을(를) 배치합니다.
15-Jun-2026 10:05:45.135 INFO [main] org.apache.catalina.startup.HostConfig.deployDirectory 웹 애플리케이션 디렉토리 [/Users/gimseohyeon/Desktop/thein_repo_jsp/apache-tomcat-10.1.55/webapps/manager]에 대한 배치가 [13] 밀리초에 완료되었습니다.
15-Jun-2026 10:05:45.135 INFO [main] org.apache.catalina.startup.HostConfig.deployDirectory 웹 애플리케이션 디렉토리 [/Users/gimseohyeon/Desktop/thein_repo_jsp/apache-tomcat-10.1.55/webapps/examples]을(를) 배치합니다.
15-Jun-2026 10:05:45.231 INFO [main] org.apache.catalina.startup.HostConfig.deployDirectory 웹 애플리케이션 디렉토리 [/Users/gimseohyeon/Desktop/thein_repo_jsp/apache-tomcat-10.1.55/webapps/examples]에 대한 배치가 [96] 밀리초에 완료되었습니다.
15-Jun-2026 10:05:45.231 INFO [main] org.apache.catalina.startup.HostConfig.deployDirectory 웹 애플리케이션 디렉토리 [/Users/gimseohyeon/Desktop/thein_repo_jsp/apache-tomcat-10.1.55/webapps/ROOT]을(를) 배치합니다.
15-Jun-2026 10:05:45.237 INFO [main] org.apache.catalina.startup.HostConfig.deployDirectory 웹 애플리케이션 디렉토리 [/Users/gimseohyeon/Desktop/thein_repo_jsp/apache-tomcat-10.1.55/webapps/ROOT]에 대한 배치가 [6] 밀리초에 완료되었습니다.
15-Jun-2026 10:05:45.237 INFO [main] org.apache.catalina.startup.HostConfig.deployDirectory 웹 애플리케이션 디렉토리 [/Users/gimseohyeon/Desktop/thein_repo_jsp/apache-tomcat-10.1.55/webapps/host-manager]을(를) 배치합니다.
15-Jun-2026 10:05:45.244 INFO [main] org.apache.catalina.startup.HostConfig.deployDirectory 웹 애플리케이션 디렉토리 [/Users/gimseohyeon/Desktop/thein_repo_jsp/apache-tomcat-10.1.55/webapps/host-manager]에 대한 배치가 [7] 밀리초에 완료되었습니다.
15-Jun-2026 10:05:45.246 INFO [main] org.apache.coyote.AbstractProtocol.start 프로토콜 핸들러 ["http-nio-8080"]을(를) 시작합니다.
15-Jun-2026 10:05:45.251 INFO [main] org.apache.catalina.startup.Catalina.start 서버가 [276] 밀리초 내에 시작되었습니다.
